Drill report for C:\Users\tantu\Documents\GitHub\LetsSplit256\pcbColumnStaggered\LetsSplit256.kicad_pcb
Created on 27-Mar-21 16:34:19

Copper Layer Stackup:
    =============================================================
    L1 :  F.Cu                      front
    L2 :  B.Cu                      back


Drill file 'LetsSplit256-PTH.drl' contains
    plated through holes:
    =============================================================
    T1  0.40mm  0.016"  (4 holes)
    T2  0.50mm  0.020"  (180 holes)
    T3  0.80mm  0.031"  (60 holes)
    T4  1.00mm  0.039"  (8 holes)
    T5  1.10mm  0.043"  (84 holes)
    T6  1.40mm  0.055"  (120 holes)
    T7  1.70mm  0.067"  (60 holes)
    T8  3.99mm  0.157"  (30 holes)

    Total plated holes count 546


Drill file 'LetsSplit256-NPTH.drl' contains
    unplated through holes:
    =============================================================

    Total unplated holes count 0
